display: unable to open image `/home/codigog1/Documentos/Codigo c/ABByAVL/abb.png': No existe el archivo o el directorio @ error/blob.c/OpenBlob/2712.
display: unable to open file `/home/codigog1/Documentos/Codigo c/ABByAVL/abb.png' @ error/png.c/ReadPNGImage/3922.
display: no decode delegate for this image format `' @ error/constitute.c/ReadImage/501.
display: unable to open image `/home/codigog1/Documentos/Codigo c/ABByAVL/abb.png': No existe el archivo o el directorio @ error/blob.c/OpenBlob/2712.
display: unable to open file `/home/codigog1/Documentos/Codigo c/ABByAVL/abb.png' @ error/png.c/ReadPNGImage/3922.
display: no decode delegate for this image format `' @ error/constitute.c/ReadImage/501.
display: unable to open image `/home/codigog1/Documentos/Codigo c/ABByAVL/abb.png': No existe el archivo o el directorio @ error/blob.c/OpenBlob/2712.
display: unable to open file `/home/codigog1/Documentos/Codigo c/ABByAVL/abb.png' @ error/png.c/ReadPNGImage/3922.
display: no decode delegate for this image format `' @ error/constitute.c/ReadImage/501.
display: unable to open image `/home/codigog1/Documentos/Codigo c/ABByAVL/arbolbb.png': No existe el archivo o el directorio @ error/blob.c/OpenBlob/2712.
display: unable to open file `/home/codigog1/Documentos/Codigo c/ABByAVL/arbolbb.png' @ error/png.c/ReadPNGImage/3922.
display: no decode delegate for this image format `' @ error/constitute.c/ReadImage/501.
display: unable to open image `/home/codigog1/Documentos/Codigo c/ABByAVL/arbolbb.png': No existe el archivo o el directorio @ error/blob.c/OpenBlob/2712.
display: unable to open file `/home/codigog1/Documentos/Codigo c/ABByAVL/arbolbb.png' @ error/png.c/ReadPNGImage/3922.
display: no decode delegate for this image format `' @ error/constitute.c/ReadImage/501.
display: unable to open image `/home/codigog1/Documentos/Codigo c/ABByAVL/bb.png': No existe el archivo o el directorio @ error/blob.c/OpenBlob/2712.
display: unable to open file `/home/codigog1/Documentos/Codigo c/ABByAVL/bb.png' @ error/png.c/ReadPNGImage/3922.
display: no decode delegate for this image format `' @ error/constitute.c/ReadImage/501.
display: unable to open image `/home/codigog1/Documentos/Codigo c/ABByAVL/bb.png': No existe el archivo o el directorio @ error/blob.c/OpenBlob/2712.
display: unable to open file `/home/codigog1/Documentos/Codigo c/ABByAVL/bb.png' @ error/png.c/ReadPNGImage/3922.
display: no decode delegate for this image format `' @ error/constitute.c/ReadImage/501.
display: unable to open image `/home/codigog1/Documentos/Codigo c/ABByAVL/bb.png': No existe el archivo o el directorio @ error/blob.c/OpenBlob/2712.
display: unable to open file `/home/codigog1/Documentos/Codigo c/ABByAVL/bb.png' @ error/png.c/ReadPNGImage/3922.
display: no decode delegate for this image format `' @ error/constitute.c/ReadImage/501.
display: unable to open image `/home/codigog1/Documentos/Codigo c/ABByAVL/bb.png': No existe el archivo o el directorio @ error/blob.c/OpenBlob/2712.
display: unable to open file `/home/codigog1/Documentos/Codigo c/ABByAVL/bb.png' @ error/png.c/ReadPNGImage/3922.
display: no decode delegate for this image format `' @ error/constitute.c/ReadImage/501.
display: unable to open image `/home/codigog1/Documentos/Codigo c/ABByAVL/bb.png': No existe el archivo o el directorio @ error/blob.c/OpenBlob/2712.
display: unable to open file `/home/codigog1/Documentos/Codigo c/ABByAVL/bb.png' @ error/png.c/ReadPNGImage/3922.
display: no decode delegate for this image format `' @ error/constitute.c/ReadImage/501.
display: unable to open image `/home/codigog1/Documentos/Codigo c/ABByAVL/bb.png': No existe el archivo o el directorio @ error/blob.c/OpenBlob/2712.
display: unable to open file `/home/codigog1/Documentos/Codigo c/ABByAVL/bb.png' @ error/png.c/ReadPNGImage/3922.
display: no decode delegate for this image format `' @ error/constitute.c/ReadImage/501.
